<?xml version="1.0" encoding="UTF-8"?>
<!-- Generated by org.testng.reporters.JUnitReportReporter -->
<testsuite hostname="DESKTOP-KOJOBGV" failures="0" tests="1" name="decryption.decrypt_1" time="36.550" errors="0" timestamp="2023-04-03T12:08:21 IST" skipped="0">
  <testcase classname="decryption.decrypt_1" name="loginWithCredentialsFromExcel" time="36.550"/>
  <system-out/>
</testsuite> <!-- decryption.decrypt_1 -->
